
> luxorabot@0.1.0 build
> next build

ฮ“รปโ–“ Next.js 16.1.6 (Turbopack)
- Environments: .env

  Creating an optimized production build ...
ฮ“ยฃรด Compiled successfully in 10.7s
  Running TypeScript ...
  Collecting page data using 7 workers ...
  Generating static pages using 7 workers (0/8) ...
  Generating static pages using 7 workers (2/8) 
  Generating static pages using 7 workers (4/8) 
  Generating static pages using 7 workers (6/8) 
ฮ“ยฃรด Generating static pages using 7 workers (8/8) in 1411.7ms
  Finalizing page optimization ...

Route (app)
ฮ“รถรฎ ฮ“รนรฏ /
ฮ“รถยฃ ฮ“รนรฏ /_not-found
ฮ“รถยฃ ฮ“รนรฏ /bot
ฮ“รถยฃ ฮ“รนรฏ /contact
ฮ“รถยฃ ฮ“รนรฏ /faq
ฮ“รถรถ ฮ“รนรฏ /privacy


ฮ“รนรฏ  (Static)  prerendered as static content

